{"total": {"lines":{"total":63,"covered":14,"skipped":0,"pct":22.22},"statements":{"total":63,"covered":14,"skipped":0,"pct":22.22},"functions":{"total":6,"covered":1,"skipped":0,"pct":16.66},"branches":{"total":21,"covered":4,"skipped":0,"pct":19.04},"branchesTrue":{"total":0,"covered":0,"skipped":0,"pct":"Unknown"}}
,"C:\\Users\\yenye\\Documents\\DVOPS_Projects\\devops-project-yenyew\\utils\\applyjob.js": {"lines":{"total":14,"covered":2,"skipped":0,"pct":14.28},"functions":{"total":1,"covered":0,"skipped":0,"pct":0},"statements":{"total":14,"covered":2,"skipped":0,"pct":14.28},"branches":{"total":6,"covered":0,"skipped":0,"pct":0}}
,"C:\\Users\\yenye\\Documents\\DVOPS_Projects\\devops-project-yenyew\\utils\\create-job.js": {"lines":{"total":11,"covered":6,"skipped":0,"pct":54.54},"functions":{"total":1,"covered":1,"skipped":0,"pct":100},"statements":{"total":11,"covered":6,"skipped":0,"pct":54.54},"branches":{"total":5,"covered":4,"skipped":0,"pct":80}}
,"C:\\Users\\yenye\\Documents\\DVOPS_Projects\\devops-project-yenyew\\utils\\search-job.js": {"lines":{"total":13,"covered":2,"skipped":0,"pct":15.38},"functions":{"total":1,"covered":0,"skipped":0,"pct":0},"statements":{"total":13,"covered":2,"skipped":0,"pct":15.38},"branches":{"total":6,"covered":0,"skipped":0,"pct":0}}
,"C:\\Users\\yenye\\Documents\\DVOPS_Projects\\devops-project-yenyew\\utils\\update-job.js": {"lines":{"total":18,"covered":2,"skipped":0,"pct":11.11},"functions":{"total":2,"covered":0,"skipped":0,"pct":0},"statements":{"total":18,"covered":2,"skipped":0,"pct":11.11},"branches":{"total":4,"covered":0,"skipped":0,"pct":0}}
,"C:\\Users\\yenye\\Documents\\DVOPS_Projects\\devops-project-yenyew\\utils\\view-job.js": {"lines":{"total":7,"covered":2,"skipped":0,"pct":28.57},"functions":{"total":1,"covered":0,"skipped":0,"pct":0},"statements":{"total":7,"covered":2,"skipped":0,"pct":28.57},"branches":{"total":0,"covered":0,"skipped":0,"pct":100}}
}
