TN:
SF:utils\applyjob.js
FN:3,applyjob
FNF:1
FNH:0
FNDA:0,applyjob
DA:1,1
DA:4,0
DA:5,0
DA:6,0
DA:8,0
DA:9,0
DA:12,0
DA:13,0
DA:16,0
DA:25,0
DA:26,0
DA:28,0
DA:29,0
DA:33,1
LF:14
LH:2
BRDA:8,0,0,0
BRDA:8,0,1,0
BRDA:8,1,0,0
BRDA:8,1,1,0
BRDA:12,2,0,0
BRDA:12,2,1,0
BRF:6
BRH:0
end_of_record
TN:
SF:utils\create-job.js
FN:4,addJob
FNF:1
FNH:1
FNDA:2,addJob
DA:1,1
DA:5,2
DA:6,2
DA:9,2
DA:10,2
DA:14,0
DA:23,0
DA:24,0
DA:26,0
DA:27,0
DA:31,1
LF:11
LH:6
BRDA:9,0,0,2
BRDA:9,0,1,0
BRDA:9,1,0,2
BRDA:9,1,1,1
BRDA:9,1,2,1
BRF:5
BRH:4
end_of_record
TN:
SF:utils\search-job.js
FN:3,searchJobs
FNF:1
FNH:0
FNDA:0,searchJobs
DA:1,1
DA:4,0
DA:5,0
DA:8,0
DA:10,0
DA:11,0
DA:17,0
DA:18,0
DA:22,0
DA:23,0
DA:25,0
DA:26,0
DA:30,1
LF:13
LH:2
BRDA:10,0,0,0
BRDA:10,0,1,0
BRDA:17,1,0,0
BRDA:17,1,1,0
BRDA:17,2,0,0
BRDA:17,2,1,0
BRF:6
BRH:0
end_of_record
TN:
SF:utils\update-job.js
FN:5,getJobById
FN:20,editJob
FNF:2
FNH:0
FNDA:0,getJobById
FNDA:0,editJob
DA:1,1
DA:6,0
DA:7,0
DA:8,0
DA:9,0
DA:11,0
DA:14,0
DA:15,0
DA:21,0
DA:22,0
DA:23,0
DA:25,0
DA:26,0
DA:27,0
DA:30,0
DA:33,0
DA:34,0
DA:38,1
LF:18
LH:2
BRDA:8,0,0,0
BRDA:8,0,1,0
BRDA:26,1,0,0
BRDA:26,1,1,0
BRF:4
BRH:0
end_of_record
TN:
SF:utils\view-job.js
FN:5,viewJobs
FNF:1
FNH:0
FNDA:0,viewJobs
DA:1,1
DA:6,0
DA:7,0
DA:8,0
DA:10,0
DA:11,0
DA:15,1
LF:7
LH:2
BRF:0
BRH:0
end_of_record
